This file contains any messages produced by compilers while
running configure, to aid debugging if configure makes a mistake.

It was created by libgnomegccintrospector configure 0.1, which was
generated by GNU Autoconf 2.67.  Invocation command line was

  $ ./configure --no-create --no-recursion

## --------- ##
## Platform. ##
## --------- ##

hostname = music
uname -m = x86_64
uname -r = 2.6.35-22-generic
uname -s = Linux
uname -v = #35-Ubuntu SMP Sat Oct 16 20:45:36 UTC 2010

/usr/bin/uname -p = unknown
/bin/uname -X     = unknown

/bin/arch              = unknown
/usr/bin/arch -k       = unknown
/usr/convex/getsysinfo = unknown
/usr/bin/hostinfo      = unknown
/bin/machine           = unknown
/usr/bin/oslevel       = unknown
/bin/universe          = unknown

PATH: /usr/local/sbin
PATH: /usr/local/bin
PATH: /usr/sbin
PATH: /usr/bin
PATH: /sbin
PATH: /bin
PATH: /usr/games


## ----------- ##
## Core tests. ##
## ----------- ##

configure:2345: checking build system type
configure:2359: result: x86_64-unknown-linux-gnu
configure:2379: checking host system type
configure:2392: result: x86_64-unknown-linux-gnu
configure:2460: checking for gcc
configure:2476: found /usr/bin/gcc
configure:2487: result: gcc
configure:2716: checking for C compiler version
configure:2725: gcc --version >&5
gcc (Ubuntu/Linaro 4.4.4-14ubuntu5) 4.4.5
Copyright (C) 2010 Free Software Foundation, Inc.
This is free software; see the source for copying conditions.  There is NO
warranty; not even for MERCHANTABILITY or FITNESS FOR A PARTICULAR PURPOSE.

configure:2736: $? = 0
configure:2725: gcc -v >&5
Using built-in specs.
Target: x86_64-linux-gnu
Configured with: ../src/configure -v --with-pkgversion='Ubuntu/Linaro 4.4.4-14ubuntu5' --with-bugurl=file:///usr/share/doc/gcc-4.4/README.Bugs --enable-languages=c,c++,fortran,objc,obj-c++ --prefix=/usr --program-suffix=-4.4 --enable-shared --enable-multiarch --enable-linker-build-id --with-system-zlib --libexecdir=/usr/lib --without-included-gettext --enable-threads=posix --with-gxx-include-dir=/usr/include/c++/4.4 --libdir=/usr/lib --enable-nls --with-sysroot=/ --enable-clocale=gnu --enable-libstdcxx-debug --enable-objc-gc --disable-werror --with-arch-32=i686 --with-tune=generic --enable-checking=release --build=x86_64-linux-gnu --host=x86_64-linux-gnu --target=x86_64-linux-gnu
Thread model: posix
gcc version 4.4.5 (Ubuntu/Linaro 4.4.4-14ubuntu5) 
configure:2736: $? = 0
configure:2725: gcc -V >&5
gcc: '-V' option must have argument
configure:2736: $? = 1
configure:2725: gcc -qversion >&5
gcc: unrecognized option '-qversion'
gcc: no input files
configure:2736: $? = 1
configure:2756: checking whether the C compiler works
configure:2778: gcc    conftest.c  >&5
configure:2782: $? = 0
configure:2830: result: yes
configure:2833: checking for C compiler default output file name
configure:2835: result: a.out
configure:2841: checking for suffix of executables
configure:2848: gcc -o conftest    conftest.c  >&5
configure:2852: $? = 0
configure:2874: result: 
configure:2896: checking whether we are cross compiling
configure:2904: gcc -o conftest    conftest.c  >&5
configure:2908: $? = 0
configure:2915: ./conftest
configure:2919: $? = 0
configure:2934: result: no
configure:2939: checking for suffix of object files
configure:2961: gcc -c   conftest.c >&5
configure:2965: $? = 0
configure:2986: result: o
configure:2990: checking whether we are using the GNU C compiler
configure:3009: gcc -c   conftest.c >&5
configure:3009: $? = 0
configure:3018: result: yes
configure:3027: checking whether gcc accepts -g
configure:3047: gcc -c -g  conftest.c >&5
configure:3047: $? = 0
configure:3088: result: yes
configure:3105: checking for gcc option to accept ISO C89
configure:3169: gcc  -c -g -O2  conftest.c >&5
configure:3169: $? = 0
configure:3182: result: none needed
configure:3202: checking for a sed that does not truncate output
configure:3266: result: /bin/sed
configure:3284: checking for grep that handles long lines and -e
configure:3342: result: /bin/grep
configure:3347: checking for egrep
configure:3409: result: /bin/grep -E
configure:3414: checking for fgrep
configure:3476: result: /bin/grep -F
configure:3511: checking for ld used by gcc
configure:3578: result: /usr/bin/ld
configure:3585: checking if the linker (/usr/bin/ld) is GNU ld
configure:3600: result: yes
configure:3612: checking for BSD- or MS-compatible name lister (nm)
configure:3661: result: /usr/bin/nm -B
configure:3779: checking the name lister (/usr/bin/nm -B) interface
configure:3786: gcc -c -g -O2  conftest.c >&5
configure:3789: /usr/bin/nm -B "conftest.o"
configure:3792: output
0000000000000000 B some_variable
configure:3799: result: BSD nm
configure:3802: checking whether ln -s works
configure:3806: result: yes
configure:3814: checking the maximum length of command line arguments
configure:3934: result: 3458764513820540925
configure:3951: checking whether the shell understands some XSI constructs
configure:3961: result: yes
configure:3965: checking whether the shell understands "+="
configure:3971: result: yes
configure:4006: checking for /usr/bin/ld option to reload object files
configure:4013: result: -r
configure:4082: checking for objdump
configure:4098: found /usr/bin/objdump
configure:4109: result: objdump
configure:4141: checking how to recognize dependent libraries
configure:4337: result: pass_all
configure:4397: checking for ar
configure:4413: found /usr/bin/ar
configure:4424: result: ar
configure:4502: checking for strip
configure:4518: found /usr/bin/strip
configure:4529: result: strip
configure:4601: checking for ranlib
configure:4617: found /usr/bin/ranlib
configure:4628: result: ranlib
configure:4718: checking command to parse /usr/bin/nm -B output from gcc object
configure:4836: gcc -c -g -O2  conftest.c >&5
configure:4839: $? = 0
configure:4843: /usr/bin/nm -B conftest.o \| sed -n -e 's/^.*[	 ]\([ABCDGIRSTW][ABCDGIRSTW]*\)[	 ][	 ]*\([_A-Za-z][_A-Za-z0-9]*\)$/\1 \2 \2/p' \> conftest.nm
configure:4846: $? = 0
configure:4900: gcc -o conftest -g -O2   conftest.c conftstm.o >&5
configure:4903: $? = 0
configure:4941: result: ok
configure:5037: gcc -c -g -O2  conftest.c >&5
configure:5040: $? = 0
configure:5750: checking how to run the C preprocessor
configure:5781: gcc -E  conftest.c
configure:5781: $? = 0
configure:5795: gcc -E  conftest.c
conftest.c:9: fatal error: ac_nonexistent.h: No such file or directory
compilation terminated.
configure:5795: $? = 1
configure: failed program was:
| /* confdefs.h */
| #define PACKAGE_NAME "libgnomegccintrospector"
| #define PACKAGE_TARNAME "libgnomegccintrospector"
| #define PACKAGE_VERSION "0.1"
| #define PACKAGE_STRING "libgnomegccintrospector 0.1"
| #define PACKAGE_BUGREPORT "http://introspector.sf.net"
| #define PACKAGE_URL ""
| /* end confdefs.h.  */
| #include <ac_nonexistent.h>
configure:5820: result: gcc -E
configure:5840: gcc -E  conftest.c
configure:5840: $? = 0
configure:5854: gcc -E  conftest.c
conftest.c:9: fatal error: ac_nonexistent.h: No such file or directory
compilation terminated.
configure:5854: $? = 1
configure: failed program was:
| /* confdefs.h */
| #define PACKAGE_NAME "libgnomegccintrospector"
| #define PACKAGE_TARNAME "libgnomegccintrospector"
| #define PACKAGE_VERSION "0.1"
| #define PACKAGE_STRING "libgnomegccintrospector 0.1"
| #define PACKAGE_BUGREPORT "http://introspector.sf.net"
| #define PACKAGE_URL ""
| /* end confdefs.h.  */
| #include <ac_nonexistent.h>
configure:5883: checking for ANSI C header files
configure:5903: gcc -c -g -O2  conftest.c >&5
configure:5903: $? = 0
configure:5976: gcc -o conftest -g -O2   conftest.c  >&5
configure:5976: $? = 0
configure:5976: ./conftest
configure:5976: $? = 0
configure:5987: result: yes
configure:6000: checking for sys/types.h
configure:6000: gcc -c -g -O2  conftest.c >&5
configure:6000: $? = 0
configure:6000: result: yes
configure:6000: checking for sys/stat.h
configure:6000: gcc -c -g -O2  conftest.c >&5
configure:6000: $? = 0
configure:6000: result: yes
configure:6000: checking for stdlib.h
configure:6000: gcc -c -g -O2  conftest.c >&5
configure:6000: $? = 0
configure:6000: result: yes
configure:6000: checking for string.h
configure:6000: gcc -c -g -O2  conftest.c >&5
configure:6000: $? = 0
configure:6000: result: yes
configure:6000: checking for memory.h
configure:6000: gcc -c -g -O2  conftest.c >&5
configure:6000: $? = 0
configure:6000: result: yes
configure:6000: checking for strings.h
configure:6000: gcc -c -g -O2  conftest.c >&5
configure:6000: $? = 0
configure:6000: result: yes
configure:6000: checking for inttypes.h
configure:6000: gcc -c -g -O2  conftest.c >&5
configure:6000: $? = 0
configure:6000: result: yes
configure:6000: checking for stdint.h
configure:6000: gcc -c -g -O2  conftest.c >&5
configure:6000: $? = 0
configure:6000: result: yes
configure:6000: checking for unistd.h
configure:6000: gcc -c -g -O2  conftest.c >&5
configure:6000: $? = 0
configure:6000: result: yes
configure:6014: checking for dlfcn.h
configure:6014: gcc -c -g -O2  conftest.c >&5
configure:6014: $? = 0
configure:6014: result: yes
configure:6198: checking for objdir
configure:6213: result: .libs
configure:6509: checking if gcc supports -fno-rtti -fno-exceptions
configure:6527: gcc -c -g -O2  -fno-rtti -fno-exceptions conftest.c >&5
cc1: warning: command line option "-fno-rtti" is valid for C++/ObjC++ but not for C
configure:6531: $? = 0
configure:6544: result: no
configure:6564: checking for gcc option to produce PIC
configure:6836: result: -fPIC -DPIC
configure:6848: checking if gcc PIC flag -fPIC -DPIC works
configure:6866: gcc -c -g -O2  -fPIC -DPIC -DPIC conftest.c >&5
configure:6870: $? = 0
configure:6883: result: yes
configure:6907: checking if gcc static flag -static works
configure:6935: result: yes
configure:6950: checking if gcc supports -c -o file.o
configure:6971: gcc -c -g -O2  -o out/conftest2.o conftest.c >&5
configure:6975: $? = 0
configure:6997: result: yes
configure:7005: checking if gcc supports -c -o file.o
configure:7052: result: yes
configure:7085: checking whether the gcc linker (/usr/bin/ld -m elf_x86_64) supports shared libraries
configure:8071: result: yes
configure:8108: checking whether -lc should be explicitly linked in
configure:8113: gcc -c -g -O2  conftest.c >&5
configure:8116: $? = 0
configure:8131: gcc -shared conftest.o  -v -Wl,-soname -Wl,conftest -o conftest 2\>\&1 \| /bin/grep  -lc  \>/dev/null 2\>\&1
configure:8134: $? = 0
configure:8146: result: no
configure:8310: checking dynamic linker characteristics
configure:8743: gcc -o conftest -g -O2   -Wl,-rpath -Wl,/foo conftest.c  >&5
configure:8743: $? = 0
configure:8964: result: GNU/Linux ld.so
configure:9066: checking how to hardcode library paths into programs
configure:9091: result: immediate
configure:9611: checking whether stripping libraries is possible
configure:9616: result: yes
configure:9651: checking if libtool supports shared libraries
configure:9653: result: yes
configure:9656: checking whether to build shared libraries
configure:9677: result: yes
configure:9680: checking whether to build static libraries
configure:9684: result: yes
configure:9735: checking for a BSD-compatible install
configure:9803: result: /usr/bin/install -c
configure:9814: checking whether build environment is sane
configure:9864: result: yes
configure:10005: checking for a thread-safe mkdir -p
configure:10044: result: /bin/mkdir -p
configure:10057: checking for gawk
configure:10087: result: no
configure:10057: checking for mawk
configure:10073: found /usr/bin/mawk
configure:10084: result: mawk
configure:10095: checking whether make sets $(MAKE)
configure:10117: result: yes
configure:10147: checking for style of include used by make
configure:10175: result: GNU
configure:10260: checking dependency style of gcc
configure:10370: result: gcc3
configure:10399: checking whether make sets $(MAKE)
configure:10421: result: yes
configure:10526: checking for gcc
configure:10553: result: gcc
configure:10782: checking for C compiler version
configure:10791: gcc --version >&5
gcc (Ubuntu/Linaro 4.4.4-14ubuntu5) 4.4.5
Copyright (C) 2010 Free Software Foundation, Inc.
This is free software; see the source for copying conditions.  There is NO
warranty; not even for MERCHANTABILITY or FITNESS FOR A PARTICULAR PURPOSE.

configure:10802: $? = 0
configure:10791: gcc -v >&5
Using built-in specs.
Target: x86_64-linux-gnu
Configured with: ../src/configure -v --with-pkgversion='Ubuntu/Linaro 4.4.4-14ubuntu5' --with-bugurl=file:///usr/share/doc/gcc-4.4/README.Bugs --enable-languages=c,c++,fortran,objc,obj-c++ --prefix=/usr --program-suffix=-4.4 --enable-shared --enable-multiarch --enable-linker-build-id --with-system-zlib --libexecdir=/usr/lib --without-included-gettext --enable-threads=posix --with-gxx-include-dir=/usr/include/c++/4.4 --libdir=/usr/lib --enable-nls --with-sysroot=/ --enable-clocale=gnu --enable-libstdcxx-debug --enable-objc-gc --disable-werror --with-arch-32=i686 --with-tune=generic --enable-checking=release --build=x86_64-linux-gnu --host=x86_64-linux-gnu --target=x86_64-linux-gnu
Thread model: posix
gcc version 4.4.5 (Ubuntu/Linaro 4.4.4-14ubuntu5) 
configure:10802: $? = 0
configure:10791: gcc -V >&5
gcc: '-V' option must have argument
configure:10802: $? = 1
configure:10791: gcc -qversion >&5
gcc: unrecognized option '-qversion'
gcc: no input files
configure:10802: $? = 1
configure:10806: checking whether we are using the GNU C compiler
configure:10834: result: yes
configure:10843: checking whether gcc accepts -g
configure:10904: result: yes
configure:10921: checking for gcc option to accept ISO C89
configure:10998: result: none needed
configure:11104: checking for pkg-config
configure:11122: found /usr/bin/pkg-config
configure:11134: result: /usr/bin/pkg-config
configure:11159: checking pkg-config is at least version 0.16
configure:11162: result: yes
configure:11179: checking for GLIB - version >= 2.21.3
configure:11293: gcc -o conftest -g -O2 -pthread -I/usr/include/glib-2.0 -I/usr/lib/glib-2.0/include     conftest.c -pthread -lgio-2.0 -lgobject-2.0 -lgmodule-2.0 -lgthread-2.0 -lrt -lglib-2.0    >&5
configure:11293: $? = 0
configure:11293: ./conftest
configure:11293: $? = 0
configure:11307: result: yes (version 2.26.1)
configure:11393: checking for gtkdoc-check
configure:11411: found /usr/bin/gtkdoc-check
configure:11423: result: /usr/bin/gtkdoc-check
configure:11435: checking for gtkdoc-rebase
configure:11453: found /usr/bin/gtkdoc-rebase
configure:11465: result: /usr/bin/gtkdoc-rebase
configure:11479: checking for gtkdoc-mkpdf
configure:11497: found /usr/bin/gtkdoc-mkpdf
configure:11509: result: /usr/bin/gtkdoc-mkpdf
configure:11550: checking whether to build gtk-doc documentation
configure:11552: result: no
configure:11628: checking for gobject-introspection
configure:11659: $PKG_CONFIG --exists --print-errors "gobject-introspection-1.0 >= 0.6.7"
configure:11662: $? = 0
configure:11673: result: yes
configure:11728: checking whether gcc understands -Wmissing-include-dirs
configure:11741: gcc -c -g -O2 		-Wall -Wstrict-prototypes -Wmissing-declarations 		-Wmissing-prototypes -Wnested-externs -Wpointer-arith 		-Wdeclaration-after-statement -Wformat=2 -Winit-self 		-Waggregate-return -Wmissing-format-attribute -Wmissing-include-dirs  conftest.c >&5
conftest.c:26: warning: function declaration isn't a prototype
configure:11741: $? = 0
configure:11747: result: yes
configure:11728: checking whether gcc understands -Wundef
configure:11741: gcc -c -g -O2 		-Wall -Wstrict-prototypes -Wmissing-declarations 		-Wmissing-prototypes -Wnested-externs -Wpointer-arith 		-Wdeclaration-after-statement -Wformat=2 -Winit-self 		-Waggregate-return -Wmissing-format-attribute -Wmissing-include-dirs -Wundef  conftest.c >&5
conftest.c:26: warning: function declaration isn't a prototype
configure:11741: $? = 0
configure:11747: result: yes
configure:11903: creating ./config.status

## ---------------- ##
## Cache variables. ##
## ---------------- ##

ac_cv_build=x86_64-unknown-linux-gnu
ac_cv_c_compiler_gnu=yes
ac_cv_env_CC_set=
ac_cv_env_CC_value=
ac_cv_env_CFLAGS_set=
ac_cv_env_CFLAGS_value=
ac_cv_env_CPPFLAGS_set=
ac_cv_env_CPPFLAGS_value=
ac_cv_env_CPP_set=
ac_cv_env_CPP_value=
ac_cv_env_LDFLAGS_set=
ac_cv_env_LDFLAGS_value=
ac_cv_env_LIBS_set=
ac_cv_env_LIBS_value=
ac_cv_env_PKG_CONFIG_LIBDIR_set=
ac_cv_env_PKG_CONFIG_LIBDIR_value=
ac_cv_env_PKG_CONFIG_PATH_set=
ac_cv_env_PKG_CONFIG_PATH_value=
ac_cv_env_PKG_CONFIG_set=
ac_cv_env_PKG_CONFIG_value=
ac_cv_env_build_alias_set=
ac_cv_env_build_alias_value=
ac_cv_env_host_alias_set=
ac_cv_env_host_alias_value=
ac_cv_env_target_alias_set=
ac_cv_env_target_alias_value=
ac_cv_header_dlfcn_h=yes
ac_cv_header_inttypes_h=yes
ac_cv_header_memory_h=yes
ac_cv_header_stdc=yes
ac_cv_header_stdint_h=yes
ac_cv_header_stdlib_h=yes
ac_cv_header_string_h=yes
ac_cv_header_strings_h=yes
ac_cv_header_sys_stat_h=yes
ac_cv_header_sys_types_h=yes
ac_cv_header_unistd_h=yes
ac_cv_host=x86_64-unknown-linux-gnu
ac_cv_objext=o
ac_cv_path_EGREP='/bin/grep -E'
ac_cv_path_FGREP='/bin/grep -F'
ac_cv_path_GREP=/bin/grep
ac_cv_path_GTKDOC_CHECK=/usr/bin/gtkdoc-check
ac_cv_path_GTKDOC_MKPDF=/usr/bin/gtkdoc-mkpdf
ac_cv_path_GTKDOC_REBASE=/usr/bin/gtkdoc-rebase
ac_cv_path_SED=/bin/sed
ac_cv_path_ac_pt_PKG_CONFIG=/usr/bin/pkg-config
ac_cv_path_install='/usr/bin/install -c'
ac_cv_path_mkdir=/bin/mkdir
ac_cv_prog_AWK=mawk
ac_cv_prog_CPP='gcc -E'
ac_cv_prog_ac_ct_AR=ar
ac_cv_prog_ac_ct_CC=gcc
ac_cv_prog_ac_ct_OBJDUMP=objdump
ac_cv_prog_ac_ct_RANLIB=ranlib
ac_cv_prog_ac_ct_STRIP=strip
ac_cv_prog_cc_c89=
ac_cv_prog_cc_g=yes
ac_cv_prog_make_make_set=yes
am_cv_CC_dependencies_compiler_type=gcc3
lt_cv_deplibs_check_method=pass_all
lt_cv_file_magic_cmd='$MAGIC_CMD'
lt_cv_file_magic_test_file=
lt_cv_ld_reload_flag=-r
lt_cv_nm_interface='BSD nm'
lt_cv_objdir=.libs
lt_cv_path_LD=/usr/bin/ld
lt_cv_path_NM='/usr/bin/nm -B'
lt_cv_prog_compiler_c_o=yes
lt_cv_prog_compiler_pic_works=yes
lt_cv_prog_compiler_rtti_exceptions=no
lt_cv_prog_compiler_static_works=yes
lt_cv_prog_gnu_ld=yes
lt_cv_sys_global_symbol_pipe='sed -n -e '\''s/^.*[	 ]\([ABCDGIRSTW][ABCDGIRSTW]*\)[	 ][	 ]*\([_A-Za-z][_A-Za-z0-9]*\)$/\1 \2 \2/p'\'''
lt_cv_sys_global_symbol_to_c_name_address='sed -n -e '\''s/^: \([^ ]*\) $/  {\"\1\", (void *) 0},/p'\'' -e '\''s/^[ABCDGIRSTW]* \([^ ]*\) \([^ ]*\)$/  {"\2", (void *) \&\2},/p'\'''
lt_cv_sys_global_symbol_to_c_name_address_lib_prefix='sed -n -e '\''s/^: \([^ ]*\) $/  {\"\1\", (void *) 0},/p'\'' -e '\''s/^[ABCDGIRSTW]* \([^ ]*\) \(lib[^ ]*\)$/  {"\2", (void *) \&\2},/p'\'' -e '\''s/^[ABCDGIRSTW]* \([^ ]*\) \([^ ]*\)$/  {"lib\2", (void *) \&\2},/p'\'''
lt_cv_sys_global_symbol_to_cdecl='sed -n -e '\''s/^T .* \(.*\)$/extern int \1();/p'\'' -e '\''s/^[ABCDGIRSTW]* .* \(.*\)$/extern char \1;/p'\'''
lt_cv_sys_max_cmd_len=3458764513820540925

## ----------------- ##
## Output variables. ##
## ----------------- ##

ACLOCAL='${SHELL} /mnt/disk1/experiments/libgnome-gcc-introspector/missing --run aclocal-1.11'
AMDEPBACKSLASH='\'
AMDEP_FALSE='#'
AMDEP_TRUE=''
AMTAR='${SHELL} /mnt/disk1/experiments/libgnome-gcc-introspector/missing --run tar'
AM_BACKSLASH='\'
AM_DEFAULT_VERBOSITY='0'
AR='ar'
AUTOCONF='${SHELL} /mnt/disk1/experiments/libgnome-gcc-introspector/missing --run autoconf'
AUTOHEADER='${SHELL} /mnt/disk1/experiments/libgnome-gcc-introspector/missing --run autoheader'
AUTOMAKE='${SHELL} /mnt/disk1/experiments/libgnome-gcc-introspector/missing --run automake-1.11'
AWK='mawk'
CC='gcc'
CCDEPMODE='depmode=gcc3'
CFLAGS='-g -O2 		-Wall -Wstrict-prototypes -Wmissing-declarations 		-Wmissing-prototypes -Wnested-externs -Wpointer-arith 		-Wdeclaration-after-statement -Wformat=2 -Winit-self 		-Waggregate-return -Wmissing-format-attribute -Wmissing-include-dirs -Wundef'
CPP='gcc -E'
CPPFLAGS=''
CYGPATH_W='echo'
DEFS='-DHAVE_CONFIG_H'
DEPDIR='.deps'
DSYMUTIL=''
DUMPBIN=''
ECHO_C=''
ECHO_N='-n'
ECHO_T=''
EGREP='/bin/grep -E'
ENABLE_GTK_DOC_FALSE=''
ENABLE_GTK_DOC_TRUE='#'
EXEEXT=''
FGREP='/bin/grep -F'
GCCINTROSPECTOR_AGE='3'
GCCINTROSPECTOR_API_VERSION='0.1'
GCCINTROSPECTOR_CURRENT='4'
GCCINTROSPECTOR_DEBUG_FLAGS=''
GCCINTROSPECTOR_MAINTAINER_FLAGS=''
GCCINTROSPECTOR_REVISION='0'
GCONF_CFLAGS=''
GCONF_LIBS=''
GLIB_CFLAGS='-pthread -I/usr/include/glib-2.0 -I/usr/lib/glib-2.0/include   -DG_DISABLE_SINGLE_INCLUDES'
GLIB_GENMARSHAL='glib-genmarshal'
GLIB_LIBS='-pthread -lgio-2.0 -lgobject-2.0 -lgmodule-2.0 -lgthread-2.0 -lrt -lglib-2.0  '
GLIB_MKENUMS='glib-mkenums'
GOBJECT_QUERY='gobject-query'
GREP='/bin/grep'
GTKDOC_CHECK='/usr/bin/gtkdoc-check'
GTKDOC_MKPDF='/usr/bin/gtkdoc-mkpdf'
GTKDOC_REBASE='/usr/bin/gtkdoc-rebase'
GTK_DOC_BUILD_HTML_FALSE='#'
GTK_DOC_BUILD_HTML_TRUE=''
GTK_DOC_BUILD_PDF_FALSE=''
GTK_DOC_BUILD_PDF_TRUE='#'
GTK_DOC_USE_LIBTOOL_FALSE='#'
GTK_DOC_USE_LIBTOOL_TRUE=''
GTK_DOC_USE_REBASE_FALSE='#'
GTK_DOC_USE_REBASE_TRUE=''
HAVE_GNOME=''
HAVE_INTROSPECTION_FALSE='#'
HAVE_INTROSPECTION_TRUE=''
HTML_DIR='${datadir}/gtk-doc/html'
INSTALL_DATA='${INSTALL} -m 644'
INSTALL_PROGRAM='${INSTALL}'
INSTALL_SCRIPT='${INSTALL}'
INSTALL_STRIP_PROGRAM='$(install_sh) -c -s'
INTROSPECTION_CFLAGS='-pthread -I/usr/include/gobject-introspection-1.0 -I/usr/include/glib-2.0 -I/usr/lib/glib-2.0/include  '
INTROSPECTION_COMPILER='/usr/bin/g-ir-compiler'
INTROSPECTION_GENERATE='/usr/bin/g-ir-generate'
INTROSPECTION_GIRDIR='/usr/share/gir-1.0'
INTROSPECTION_LIBS='-Wl,--export-dynamic -pthread -lgirepository-1.0 -lgobject-2.0 -lgmodule-2.0 -lffi -lgthread-2.0 -lrt -lglib-2.0  '
INTROSPECTION_MAKEFILE='/usr/share/gobject-introspection-1.0/Makefile.introspection'
INTROSPECTION_SCANNER='/usr/bin/g-ir-scanner'
INTROSPECTION_TYPELIBDIR='/usr/lib/girepository-1.0'
LD='/usr/bin/ld -m elf_x86_64'
LDFLAGS=''
LIBOBJS=''
LIBS=''
LIBTOOL='$(SHELL) $(top_builddir)/libtool'
LIPO=''
LN_S='ln -s'
LTLIBOBJS=''
MAKEINFO='${SHELL} /mnt/disk1/experiments/libgnome-gcc-introspector/missing --run makeinfo'
MKDIR_P='/bin/mkdir -p'
NM='/usr/bin/nm -B'
NMEDIT=''
OBJDUMP='objdump'
OBJEXT='o'
OTOOL64=''
OTOOL=''
PACKAGE='libgnomegccintrospector'
PACKAGE_BUGREPORT='http://introspector.sf.net'
PACKAGE_NAME='libgnomegccintrospector'
PACKAGE_STRING='libgnomegccintrospector 0.1'
PACKAGE_TARNAME='libgnomegccintrospector'
PACKAGE_URL=''
PACKAGE_VERSION='0.1'
PATH_SEPARATOR=':'
PKG_CONFIG='/usr/bin/pkg-config'
PKG_CONFIG_LIBDIR=''
PKG_CONFIG_PATH=''
RANLIB='ranlib'
SED='/bin/sed'
SET_MAKE=''
SHELL='/bin/bash'
STRIP='strip'
VERSION='0.1'
ac_ct_CC='gcc'
ac_ct_DUMPBIN=''
am__EXEEXT_FALSE=''
am__EXEEXT_TRUE='#'
am__fastdepCC_FALSE='#'
am__fastdepCC_TRUE=''
am__include='include'
am__isrc=''
am__leading_dot='.'
am__quote=''
am__tar='${AMTAR} chof - "$$tardir"'
am__untar='${AMTAR} xf -'
bindir='${exec_prefix}/bin'
build='x86_64-unknown-linux-gnu'
build_alias=''
build_cpu='x86_64'
build_os='linux-gnu'
build_vendor='unknown'
datadir='${datarootdir}'
datarootdir='${prefix}/share'
docdir='${datarootdir}/doc/${PACKAGE_TARNAME}'
dvidir='${docdir}'
exec_prefix='${prefix}'
host='x86_64-unknown-linux-gnu'
host_alias=''
host_cpu='x86_64'
host_os='linux-gnu'
host_vendor='unknown'
htmldir='${docdir}'
includedir='${prefix}/include'
infodir='${datarootdir}/info'
install_sh='${SHELL} /mnt/disk1/experiments/libgnome-gcc-introspector/install-sh'
libdir='${exec_prefix}/lib'
libexecdir='${exec_prefix}/libexec'
localedir='${datarootdir}/locale'
localstatedir='${prefix}/var'
lt_ECHO='echo'
mandir='${datarootdir}/man'
mkdir_p='/bin/mkdir -p'
oldincludedir='/usr/include'
pdfdir='${docdir}'
prefix='/usr/local'
program_transform_name='s,x,x,'
psdir='${docdir}'
sbindir='${exec_prefix}/sbin'
sharedstatedir='${prefix}/com'
sysconfdir='${prefix}/etc'
target_alias=''

## ----------- ##
## confdefs.h. ##
## ----------- ##

/* confdefs.h */
#define PACKAGE_NAME "libgnomegccintrospector"
#define PACKAGE_TARNAME "libgnomegccintrospector"
#define PACKAGE_VERSION "0.1"
#define PACKAGE_STRING "libgnomegccintrospector 0.1"
#define PACKAGE_BUGREPORT "http://introspector.sf.net"
#define PACKAGE_URL ""
#define STDC_HEADERS 1
#define HAVE_SYS_TYPES_H 1
#define HAVE_SYS_STAT_H 1
#define HAVE_STDLIB_H 1
#define HAVE_STRING_H 1
#define HAVE_MEMORY_H 1
#define HAVE_STRINGS_H 1
#define HAVE_INTTYPES_H 1
#define HAVE_STDINT_H 1
#define HAVE_UNISTD_H 1
#define HAVE_DLFCN_H 1
#define LT_OBJDIR ".libs/"
#define PACKAGE "libgnomegccintrospector"
#define VERSION "0.1"

configure: exit 0

## ---------------------- ##
## Running config.status. ##
## ---------------------- ##

This file was extended by libgnomegccintrospector config.status 0.1, which was
generated by GNU Autoconf 2.67.  Invocation command line was

  CONFIG_FILES    = 
  CONFIG_HEADERS  = 
  CONFIG_LINKS    = 
  CONFIG_COMMANDS = 
  $ ./config.status 

on music

config.status:1114: creating libgccintrospector-0.1.pc
config.status:1114: creating Makefile
config.status:1114: creating libgccintrospector/Makefile
config.status:1114: creating config.h
config.status:1342: executing libtool commands
config.status:1342: executing depfiles commands

## ---------------------- ##
## Running config.status. ##
## ---------------------- ##

This file was extended by libgnomegccintrospector config.status 0.1, which was
generated by GNU Autoconf 2.67.  Invocation command line was

  CONFIG_FILES    = 
  CONFIG_HEADERS  = 
  CONFIG_LINKS    = 
  CONFIG_COMMANDS = 
  $ ./config.status config.h

on music

config.status:1114: creating config.h
